<?xml version="1.0" encoding="UTF-8"?>
<!-- Generated by org.testng.reporters.JUnitXMLReporter -->
<testsuite hostname="ip-172-31-32-197" ignored="0" name="HompageTestUnit" tests="4" failures="1" timestamp="2021-05-09T15:11:15 UTC" time="25.678" errors="0">
  <testcase name="testAmazonHomePageTitleTest" time="0.085" classname="com.ecom.webapp.AmazonHomePageTest"/>
  <testcase name="testAmazonSourceURL" time="0.059" classname="com.ecom.webapp.AmazonHomePageTest"/>
  <testcase name="testMobileLinkNavigation" time="0.917" classname="com.ecom.webapp.AmazonNavigationTest">
    <failure type="java.lang.AssertionError" message="expected [false] but found [true]">
      <![CDATA[java.lang.AssertionError: expected [false] but found [true]
at com.ecom.webapp.AmazonNavigationTest.testMobileLinkNavigation(AmazonNavigationTest.java:39)
at java.util.ArrayList.forEach(ArrayList.java:1259)
at java.util.concurrent.FutureTask.run(FutureTask.java:266)
at java.util.concurrent.ThreadPoolExecutor.runWorker(ThreadPoolExecutor.java:1149)
at java.util.concurrent.ThreadPoolExecutor$Worker.run(ThreadPoolExecutor.java:624)
at java.lang.Thread.run(Thread.java:748)
... Removed 24 stack frames]]>
    </failure>
  </testcase> <!-- testMobileLinkNavigation -->
  <testcase name="testTodaysDealNavigation" time="2.794" classname="com.ecom.webapp.AmazonNavigationTest"/>
</testsuite> <!-- HompageTestUnit -->
